<?xml version="1.0" encoding="UTF-8"?>
<!-- Generated by org.testng.reporters.JUnitReportReporter -->
<testsuite hostname="sandeep-pc" failures="0" tests="6" name="api.test.DDTests" time="8.621" errors="0" timestamp="2024-04-11T19:31:19 IST" skipped="0">
  <testcase classname="api.test.DDTests" name="testPostuser" time="1.543"/>
  <system-out/>
  <testcase classname="api.test.DDTests" name="testPostuser" time="1.455"/>
  <system-out/>
  <testcase classname="api.test.DDTests" name="testPostuser" time="1.406"/>
  <system-out/>
  <testcase classname="api.test.DDTests" name="testDeleteUserByName" time="1.514"/>
  <system-out/>
  <testcase classname="api.test.DDTests" name="testDeleteUserByName" time="1.233"/>
  <system-out/>
  <testcase classname="api.test.DDTests" name="testDeleteUserByName" time="1.470"/>
  <system-out/>
</testsuite> <!-- api.test.DDTests -->
