<?xml version="1.0" encoding="UTF-8"?>
<!-- Generated by org.testng.reporters.JUnitReportReporter -->
<testsuite hostname="sandeep-pc" failures="0" tests="4" name="api.test.UserTests2" time="8.134" errors="0" timestamp="2024-04-11T21:51:11 IST" skipped="0">
  <testcase classname="api.test.UserTests2" name="testPostUser" time="3.008"/>
  <system-out/>
  <testcase classname="api.test.UserTests2" name="testGetUserbyName" time="1.305"/>
  <system-out/>
  <testcase classname="api.test.UserTests2" name="testUpdateUserbyName" time="2.586"/>
  <system-out/>
  <testcase classname="api.test.UserTests2" name="testDeleteUserbyName" time="1.235"/>
  <system-out/>
</testsuite> <!-- api.test.UserTests2 -->
