<?xml version="1.0" encoding="UTF-8"?>
<!-- Generated by org.testng.reporters.JUnitReportReporter -->
<testsuite hostname="sandeep-pc" failures="0" tests="4" name="api.test.UserTests" time="9.940" errors="0" timestamp="2024-04-11T20:06:28 IST" skipped="0">
  <testcase classname="api.test.UserTests" name="testPostUser" time="3.816"/>
  <system-out/>
  <testcase classname="api.test.UserTests" name="testGetUserbyName" time="1.525"/>
  <system-out/>
  <testcase classname="api.test.UserTests" name="testUpdateUserbyName" time="3.065"/>
  <system-out/>
  <testcase classname="api.test.UserTests" name="testDeleteUserbyName" time="1.534"/>
  <system-out/>
</testsuite> <!-- api.test.UserTests -->
