<?xml version="1.0" encoding="UTF-8"?>
<!-- Generated by org.testng.reporters.JUnitReportReporter -->
<testsuite hostname="sandeep-pc" failures="0" tests="4" name="api.test.UserTests2" time="8.096" errors="0" timestamp="2024-04-11T23:10:37 IST" skipped="0">
  <testcase classname="api.test.UserTests2" name="testPostUser" time="3.020"/>
  <system-out/>
  <testcase classname="api.test.UserTests2" name="testGetUserbyName" time="1.302"/>
  <system-out/>
  <testcase classname="api.test.UserTests2" name="testUpdateUserbyName" time="2.502"/>
  <system-out/>
  <testcase classname="api.test.UserTests2" name="testDeleteUserbyName" time="1.272"/>
  <system-out/>
</testsuite> <!-- api.test.UserTests2 -->
