<?xml version="1.0" encoding="UTF-8"?>
<!-- Generated by org.testng.reporters.JUnitReportReporter -->
<testsuite hostname="sandeep-pc" failures="0" tests="4" name="api.test.UserTests2" time="8.458" errors="0" timestamp="2024-04-13T21:32:45 IST" skipped="0">
  <testcase classname="api.test.UserTests2" name="testPostUser" time="3.448"/>
  <system-out/>
  <testcase classname="api.test.UserTests2" name="testGetUserbyName" time="1.271"/>
  <system-out/>
  <testcase classname="api.test.UserTests2" name="testUpdateUserbyName" time="2.531"/>
  <system-out/>
  <testcase classname="api.test.UserTests2" name="testDeleteUserbyName" time="1.208"/>
  <system-out/>
</testsuite> <!-- api.test.UserTests2 -->
