<?xml version="1.0" encoding="UTF-8"?>
<!-- Generated by org.testng.reporters.JUnitReportReporter -->
<testsuite hostname="sandeep-pc" failures="0" tests="4" name="api.test.UserTests2" time="9.860" errors="0" timestamp="2024-04-14T09:06:35 IST" skipped="0">
  <testcase classname="api.test.UserTests2" name="testPostUser" time="3.817"/>
  <system-out/>
  <testcase classname="api.test.UserTests2" name="testGetUserbyName" time="1.500"/>
  <system-out/>
  <testcase classname="api.test.UserTests2" name="testUpdateUserbyName" time="2.969"/>
  <system-out/>
  <testcase classname="api.test.UserTests2" name="testDeleteUserbyName" time="1.574"/>
  <system-out/>
</testsuite> <!-- api.test.UserTests2 -->
