<?xml version="1.0" encoding="UTF-8"?>
<!-- Generated by org.testng.reporters.JUnitReportReporter -->
<testsuite hostname="sandeep-pc" failures="0" tests="4" name="api.test.UserTests2" time="10.343" errors="0" timestamp="2024-04-18T11:54:49 IST" skipped="0">
  <testcase classname="api.test.UserTests2" name="testPostUser" time="4.530"/>
  <system-out/>
  <testcase classname="api.test.UserTests2" name="testGetUserbyName" time="1.413"/>
  <system-out/>
  <testcase classname="api.test.UserTests2" name="testUpdateUserbyName" time="2.960"/>
  <system-out/>
  <testcase classname="api.test.UserTests2" name="testDeleteUserbyName" time="1.440"/>
  <system-out/>
</testsuite> <!-- api.test.UserTests2 -->
